INFO: Running with entropic power schedule (0xFF, 100).
INFO: Seed: 3418056313
INFO: Loaded 1 modules   (13 inline 8-bit counters): 13 [0x100324000, 0x10032400d), 
INFO: Loaded 1 PC tables (13 PCs): 13 [0x100324010,0x1003240e0), 
INFO:        5 files found in results/cfg-2/corpus
INFO: seed corpus: files: 5 min: 8b max: 22b total: 72b rss: 27Mb
#6	INITED cov: 3 ft: 3 corp: 1/8b exec/s: 0 rss: 27Mb
#21	REDUCE cov: 3 ft: 3 corp: 1/5b lim: 8 exec/s: 0 rss: 27Mb L: 5/5 MS: 5 ChangeBinInt-CopyPart-ShuffleBytes-ChangeBit-EraseBytes-
#23	REDUCE cov: 4 ft: 4 corp: 2/9b lim: 8 exec/s: 0 rss: 27Mb L: 4/5 MS: 2 ChangeBinInt-EraseBytes-
#25	REDUCE cov: 4 ft: 4 corp: 2/8b lim: 8 exec/s: 0 rss: 27Mb L: 3/5 MS: 2 CopyPart-EraseBytes-
#46	REDUCE cov: 4 ft: 4 corp: 2/7b lim: 8 exec/s: 0 rss: 27Mb L: 2/5 MS: 1 EraseBytes-
#48	REDUCE cov: 4 ft: 4 corp: 2/6b lim: 8 exec/s: 0 rss: 27Mb L: 1/5 MS: 2 ChangeBinInt-EraseBytes-
#152852	REDUCE cov: 5 ft: 5 corp: 3/11b lim: 256 exec/s: 0 rss: 27Mb L: 5/5 MS: 4 ChangeByte-CrossOver-ShuffleBytes-ChangeBinInt-
#153028	NEW    cov: 7 ft: 7 corp: 4/16b lim: 256 exec/s: 0 rss: 27Mb L: 5/5 MS: 1 CopyPart-
#153069	NEW    cov: 8 ft: 8 corp: 5/26b lim: 256 exec/s: 0 rss: 27Mb L: 10/10 MS: 1 CrossOver-
#153070	NEW    cov: 9 ft: 9 corp: 6/60b lim: 256 exec/s: 0 rss: 27Mb L: 34/34 MS: 1 InsertRepeatedBytes-
#153451	REDUCE cov: 9 ft: 9 corp: 6/51b lim: 256 exec/s: 0 rss: 27Mb L: 25/25 MS: 1 EraseBytes-
#153491	REDUCE cov: 9 ft: 9 corp: 6/46b lim: 256 exec/s: 0 rss: 27Mb L: 20/20 MS: 5 ChangeByte-CrossOver-ChangeBinInt-CrossOver-EraseBytes-
#153555	REDUCE cov: 9 ft: 9 corp: 6/40b lim: 256 exec/s: 0 rss: 27Mb L: 14/14 MS: 4 InsertByte-ShuffleBytes-EraseBytes-EraseBytes-
#153581	REDUCE cov: 9 ft: 9 corp: 6/37b lim: 256 exec/s: 0 rss: 27Mb L: 11/11 MS: 1 EraseBytes-
#153607	NEW    cov: 10 ft: 10 corp: 7/43b lim: 256 exec/s: 0 rss: 27Mb L: 6/11 MS: 1 InsertByte-
#153741	REDUCE cov: 10 ft: 10 corp: 7/39b lim: 256 exec/s: 0 rss: 27Mb L: 7/10 MS: 4 ShuffleBytes-CopyPart-CrossOver-EraseBytes-
#153796	NEW    cov: 11 ft: 11 corp: 8/51b lim: 256 exec/s: 0 rss: 27Mb L: 12/12 MS: 5 EraseBytes-InsertByte-CopyPart-CrossOver-ChangeBinInt-
#153913	REDUCE cov: 11 ft: 11 corp: 8/50b lim: 256 exec/s: 0 rss: 27Mb L: 6/12 MS: 2 ChangeBinInt-EraseBytes-
#153969	REDUCE cov: 11 ft: 11 corp: 8/47b lim: 256 exec/s: 0 rss: 27Mb L: 9/10 MS: 1 EraseBytes-
#154117	REDUCE cov: 12 ft: 12 corp: 9/61b lim: 256 exec/s: 0 rss: 27Mb L: 14/14 MS: 3 CMP-EraseBytes-CopyPart- DE: "\377\377\377\377\377\377\377\202"-
#154234	REDUCE cov: 12 ft: 12 corp: 9/59b lim: 256 exec/s: 0 rss: 27Mb L: 7/14 MS: 2 CrossOver-EraseBytes-
#154895	REDUCE cov: 12 ft: 12 corp: 9/58b lim: 256 exec/s: 0 rss: 27Mb L: 9/14 MS: 1 EraseBytes-
#155071	REDUCE cov: 12 ft: 12 corp: 9/57b lim: 256 exec/s: 0 rss: 27Mb L: 13/13 MS: 1 EraseBytes-
#155827	REDUCE cov: 12 ft: 12 corp: 9/56b lim: 256 exec/s: 0 rss: 27Mb L: 6/13 MS: 1 EraseBytes-
#156089	REDUCE cov: 12 ft: 12 corp: 9/55b lim: 256 exec/s: 0 rss: 27Mb L: 5/13 MS: 2 EraseBytes-InsertByte-
#156210	REDUCE cov: 13 ft: 13 corp: 10/67b lim: 256 exec/s: 0 rss: 27Mb L: 12/13 MS: 1 EraseBytes-
#156726	REDUCE cov: 13 ft: 13 corp: 10/65b lim: 256 exec/s: 0 rss: 27Mb L: 7/13 MS: 1 EraseBytes-
#163309	REDUCE cov: 13 ft: 13 corp: 10/64b lim: 256 exec/s: 0 rss: 27Mb L: 11/13 MS: 3 InsertByte-ShuffleBytes-EraseBytes-
#170226	REDUCE cov: 13 ft: 13 corp: 10/61b lim: 256 exec/s: 0 rss: 27Mb L: 10/11 MS: 2 CMP-EraseBytes- DE: "y\000\000\000\000\000\000\000"-
#170412	REDUCE cov: 13 ft: 13 corp: 10/58b lim: 256 exec/s: 0 rss: 27Mb L: 7/11 MS: 1 EraseBytes-
#223254	REDUCE cov: 13 ft: 13 corp: 10/57b lim: 256 exec/s: 0 rss: 27Mb L: 5/11 MS: 2 EraseBytes-CrossOver-
#249127	REDUCE cov: 13 ft: 13 corp: 10/52b lim: 256 exec/s: 0 rss: 27Mb L: 6/7 MS: 3 EraseBytes-InsertRepeatedBytes-EraseBytes-
#263076	REDUCE cov: 13 ft: 13 corp: 10/51b lim: 256 exec/s: 0 rss: 27Mb L: 6/7 MS: 4 EraseBytes-EraseBytes-CopyPart-CMP- DE: "\000\000"-
#8388608	pulse  cov: 13 ft: 13 corp: 10/51b lim: 256 exec/s: 2796202 rss: 27Mb
#16777216	pulse  cov: 13 ft: 13 corp: 10/51b lim: 256 exec/s: 3355443 rss: 27Mb
#33554432	pulse  cov: 13 ft: 13 corp: 10/51b lim: 256 exec/s: 3050402 rss: 27Mb
#67108864	pulse  cov: 13 ft: 13 corp: 10/51b lim: 256 exec/s: 3050402 rss: 27Mb
#134217728	pulse  cov: 13 ft: 13 corp: 10/51b lim: 256 exec/s: 2982616 rss: 27Mb
#176637896	DONE   cov: 13 ft: 13 corp: 10/51b lim: 256 exec/s: 2895703 rss: 27Mb
###### Recommended dictionary. ######
"\377\377\377\377\377\377\377\202" # Uses: 4053490
"y\000\000\000\000\000\000\000" # Uses: 4054438
"\000\000" # Uses: 5718517
###### End of recommended dictionary. ######
Done 176637896 runs in 61 second(s)
stat::number_of_executed_units: 176637896
stat::average_exec_per_sec:     2895703
stat::new_units_added:          32
stat::slowest_unit_time_sec:    0
stat::peak_rss_mb:              27
FUZZER_EXIT_CODE: 0
