INFO: Running with entropic power schedule (0xFF, 100).
INFO: Seed: 1245857188
INFO: Loaded 1 modules   (272962 inline 8-bit counters): 272962 [0x1034b65b8, 0x1034f8ffa), 
INFO: Loaded 1 PC tables (272962 PCs): 272962 [0x1034f9000,0x103923420), 
INFO:       27 files found in /Users/ericzhu/Documents/Work & School/Stanford/Stanford Classes/CS 295/Tesseract_Debugger/build-fuzz/fuzz_corpus_config
INFO: -max_len is not provided; libFuzzer will not generate inputs larger than 4096 bytes
INFO: seed corpus: files: 27 min: 21b max: 377b total: 2661b rss: 79Mb
#30	INITED cov: 2558 ft: 3056 corp: 18/2248b exec/s: 0 rss: 79Mb
#35	NEW    cov: 2558 ft: 3058 corp: 19/2275b lim: 377 exec/s: 0 rss: 79Mb L: 27/377 MS: 5 ShuffleBytes-ChangeBinInt-ShuffleBytes-CopyPart-CMP- DE: "\007\000\000\000"-
#36	NEW    cov: 2569 ft: 3078 corp: 20/2586b lim: 377 exec/s: 0 rss: 79Mb L: 311/377 MS: 1 CrossOver-
#40	NEW    cov: 2571 ft: 3082 corp: 21/2960b lim: 377 exec/s: 0 rss: 79Mb L: 374/377 MS: 4 CMP-ChangeBinInt-InsertRepeatedBytes-InsertRepeatedBytes- DE: "\020\000"-
#44	NEW    cov: 2571 ft: 3092 corp: 22/3273b lim: 377 exec/s: 0 rss: 79Mb L: 313/377 MS: 4 InsertByte-ChangeByte-InsertByte-ChangeBinInt-
#45	NEW    cov: 2571 ft: 3093 corp: 23/3306b lim: 377 exec/s: 0 rss: 79Mb L: 33/377 MS: 1 EraseBytes-
#47	NEW    cov: 2571 ft: 3105 corp: 24/3401b lim: 377 exec/s: 0 rss: 79Mb L: 95/377 MS: 2 InsertRepeatedBytes-CMP- DE: "\001\000\000\000\000\000\000\000"-
#49	NEW    cov: 2571 ft: 3107 corp: 25/3530b lim: 377 exec/s: 0 rss: 79Mb L: 129/377 MS: 2 ChangeASCIIInt-CrossOver-
#50	NEW    cov: 2571 ft: 3109 corp: 26/3857b lim: 377 exec/s: 0 rss: 79Mb L: 327/377 MS: 1 CMP- DE: "preserve_interwo"-
#52	NEW    cov: 2572 ft: 3110 corp: 27/3910b lim: 377 exec/s: 0 rss: 79Mb L: 53/377 MS: 1 InsertRepeatedBytes-
#53	NEW    cov: 2573 ft: 3125 corp: 28/3925b lim: 377 exec/s: 0 rss: 79Mb L: 15/377 MS: 1 EraseBytes-
#55	NEW    cov: 2574 ft: 3127 corp: 29/4001b lim: 377 exec/s: 0 rss: 79Mb L: 76/377 MS: 2 ShuffleBytes-CrossOver-
#56	NEW    cov: 2574 ft: 3128 corp: 30/4060b lim: 377 exec/s: 0 rss: 79Mb L: 59/377 MS: 1 PersAutoDict- DE: "\001\000\000\000\000\000\000\000"-
#57	NEW    cov: 2574 ft: 3137 corp: 31/4208b lim: 377 exec/s: 0 rss: 79Mb L: 148/377 MS: 1 CMP- DE: "\005\000"-
#76	NEW    cov: 2574 ft: 3172 corp: 32/4438b lim: 377 exec/s: 0 rss: 79Mb L: 230/377 MS: 4 InsertRepeatedBytes-CrossOver-InsertByte-CopyPart-
#78	NEW    cov: 2574 ft: 3180 corp: 33/4564b lim: 377 exec/s: 0 rss: 79Mb L: 126/377 MS: 2 CMP-CrossOver- DE: "tessedit_word_for_word"-
#84	NEW    cov: 2574 ft: 3181 corp: 34/4840b lim: 377 exec/s: 0 rss: 79Mb L: 276/377 MS: 1 CrossOver-
#89	NEW    cov: 2575 ft: 3182 corp: 35/4978b lim: 377 exec/s: 0 rss: 79Mb L: 138/377 MS: 5 InsertRepeatedBytes-CopyPart-CMP-ChangeBinInt-CrossOver- DE: "\000\000\000\001m\221\037A"-
#90	NEW    cov: 2575 ft: 3184 corp: 36/5127b lim: 377 exec/s: 0 rss: 79Mb L: 149/377 MS: 1 InsertByte-
#97	NEW    cov: 2575 ft: 3188 corp: 37/5338b lim: 377 exec/s: 0 rss: 79Mb L: 211/377 MS: 2 CMP-InsertRepeatedBytes- DE: "\001\000\000\000\000\000\000\000"-
#104	NEW    cov: 2575 ft: 3189 corp: 38/5555b lim: 377 exec/s: 0 rss: 79Mb L: 217/377 MS: 2 InsertByte-CopyPart-
#105	NEW    cov: 2575 ft: 3190 corp: 39/5909b lim: 377 exec/s: 0 rss: 79Mb L: 354/377 MS: 1 InsertRepeatedBytes-
#106	NEW    cov: 2575 ft: 3191 corp: 40/6236b lim: 377 exec/s: 0 rss: 79Mb L: 327/377 MS: 1 ChangeBinInt-
#107	NEW    cov: 2575 ft: 3193 corp: 41/6587b lim: 377 exec/s: 0 rss: 79Mb L: 351/377 MS: 1 EraseBytes-
#114	NEW    cov: 2575 ft: 3194 corp: 42/6718b lim: 377 exec/s: 0 rss: 79Mb L: 131/377 MS: 2 ChangeByte-CopyPart-
#119	NEW    cov: 2575 ft: 3195 corp: 43/6861b lim: 377 exec/s: 0 rss: 79Mb L: 143/377 MS: 5 InsertByte-ChangeBinInt-CMP-EraseBytes-CrossOver- DE: "preserve_interword_"-
#130	NEW    cov: 2575 ft: 3198 corp: 44/7188b lim: 377 exec/s: 0 rss: 79Mb L: 327/377 MS: 1 ChangeByte-
#136	NEW    cov: 2575 ft: 3199 corp: 45/7565b lim: 377 exec/s: 0 rss: 79Mb L: 377/377 MS: 1 PersAutoDict- DE: "\020\000"-
#141	NEW    cov: 2575 ft: 3204 corp: 46/7750b lim: 377 exec/s: 0 rss: 79Mb L: 185/377 MS: 5 EraseBytes-ChangeByte-ShuffleBytes-ChangeBinInt-ChangeBinInt-
#147	NEW    cov: 2579 ft: 3215 corp: 47/8061b lim: 377 exec/s: 0 rss: 79Mb L: 311/377 MS: 1 ChangeBinInt-
#148	NEW    cov: 2579 ft: 3216 corp: 48/8374b lim: 377 exec/s: 0 rss: 79Mb L: 313/377 MS: 1 PersAutoDict- DE: "preserve_interwo"-
#160	NEW    cov: 2579 ft: 3218 corp: 49/8702b lim: 377 exec/s: 0 rss: 79Mb L: 328/377 MS: 2 EraseBytes-CopyPart-
#163	NEW    cov: 2579 ft: 3220 corp: 50/8971b lim: 377 exec/s: 0 rss: 79Mb L: 269/377 MS: 3 CMP-InsertRepeatedBytes-InsertRepeatedBytes- DE: "\001\000"-
#176	NEW    cov: 2579 ft: 3222 corp: 51/9313b lim: 377 exec/s: 0 rss: 79Mb L: 342/377 MS: 3 CrossOver-PersAutoDict-CMP- DE: "preserve_interwo"-"\001\000\000\000"-
#178	NEW    cov: 2579 ft: 3223 corp: 52/9426b lim: 377 exec/s: 0 rss: 79Mb L: 113/377 MS: 2 ChangeByte-CopyPart-
#181	NEW    cov: 2579 ft: 3224 corp: 53/9651b lim: 377 exec/s: 0 rss: 79Mb L: 225/377 MS: 3 CMP-InsertRepeatedBytes-PersAutoDict- DE: "preserve_interword_"-"\001\000\000\000\000\000\000\000"-
#185	NEW    cov: 2579 ft: 3226 corp: 54/9946b lim: 377 exec/s: 0 rss: 79Mb L: 295/377 MS: 4 CrossOver-ChangeBit-EraseBytes-CopyPart-
#187	NEW    cov: 2579 ft: 3227 corp: 55/10173b lim: 377 exec/s: 0 rss: 79Mb L: 227/377 MS: 2 ChangeBit-InsertRepeatedBytes-
#196	NEW    cov: 2579 ft: 3228 corp: 56/10523b lim: 377 exec/s: 196 rss: 79Mb L: 350/377 MS: 4 CMP-ChangeByte-CMP-CrossOver- DE: "rej_use_sensible_wd"-"\000\000\000\000\000\000\000\000"-
#201	REDUCE cov: 2579 ft: 3228 corp: 56/10441b lim: 377 exec/s: 201 rss: 79Mb L: 148/377 MS: 5 ShuffleBytes-InsertByte-ChangeBinInt-ChangeByte-EraseBytes-
#208	NEW    cov: 2579 ft: 3229 corp: 57/10818b lim: 377 exec/s: 208 rss: 79Mb L: 377/377 MS: 2 ChangeASCIIInt-ChangeByte-
#209	NEW    cov: 2579 ft: 3230 corp: 58/10964b lim: 377 exec/s: 209 rss: 79Mb L: 146/377 MS: 1 CopyPart-
#214	NEW    cov: 2580 ft: 3231 corp: 59/11066b lim: 377 exec/s: 214 rss: 79Mb L: 102/377 MS: 5 EraseBytes-PersAutoDict-CrossOver-EraseBytes-CrossOver- DE: "\000\000\000\000\000\000\000\000"-
#221	NEW    cov: 2580 ft: 3232 corp: 60/11203b lim: 377 exec/s: 221 rss: 79Mb L: 137/377 MS: 2 ChangeBit-InsertRepeatedBytes-
#231	NEW    cov: 2580 ft: 3234 corp: 61/11467b lim: 377 exec/s: 231 rss: 79Mb L: 264/377 MS: 5 InsertByte-InsertByte-ChangeASCIIInt-ChangeByte-EraseBytes-
#234	NEW    cov: 2580 ft: 3248 corp: 62/11725b lim: 377 exec/s: 234 rss: 79Mb L: 258/377 MS: 3 InsertByte-CopyPart-CrossOver-
#235	NEW    cov: 2580 ft: 3278 corp: 63/12102b lim: 377 exec/s: 235 rss: 79Mb L: 377/377 MS: 1 ChangeByte-
#255	NEW    cov: 2580 ft: 3280 corp: 64/12435b lim: 377 exec/s: 255 rss: 79Mb L: 333/377 MS: 5 ShuffleBytes-EraseBytes-InsertByte-ShuffleBytes-CrossOver-
#275	NEW    cov: 2580 ft: 3281 corp: 65/12762b lim: 377 exec/s: 275 rss: 79Mb L: 327/377 MS: 2 ChangeBit-PersAutoDict- DE: "\000\000\000\000\000\000\000\000"-
#282	NEW    cov: 2580 ft: 3282 corp: 66/12812b lim: 377 exec/s: 282 rss: 79Mb L: 50/377 MS: 2 CrossOver-CMP- DE: "\001\000` \000\262<5"-
#284	NEW    cov: 2580 ft: 3285 corp: 67/13126b lim: 377 exec/s: 284 rss: 79Mb L: 314/377 MS: 2 InsertByte-ShuffleBytes-
#285	NEW    cov: 2580 ft: 3286 corp: 68/13454b lim: 377 exec/s: 285 rss: 79Mb L: 328/377 MS: 1 InsertByte-
#287	NEW    cov: 2580 ft: 3289 corp: 69/13808b lim: 377 exec/s: 287 rss: 79Mb L: 354/377 MS: 2 EraseBytes-PersAutoDict- DE: "\001\000"-
#289	NEW    cov: 2580 ft: 3292 corp: 70/14135b lim: 377 exec/s: 289 rss: 79Mb L: 327/377 MS: 2 ChangeBinInt-ShuffleBytes-
#313	REDUCE cov: 2580 ft: 3292 corp: 70/14112b lim: 377 exec/s: 313 rss: 79Mb L: 72/377 MS: 4 ChangeBit-CrossOver-InsertByte-EraseBytes-
#325	REDUCE cov: 2580 ft: 3292 corp: 70/14107b lim: 377 exec/s: 325 rss: 79Mb L: 97/377 MS: 2 CMP-EraseBytes- DE: "\021t\263\000 `\000\000"-
#334	NEW    cov: 2580 ft: 3294 corp: 71/14400b lim: 377 exec/s: 334 rss: 79Mb L: 293/377 MS: 4 ChangeBit-CopyPart-CrossOver-PersAutoDict- DE: "\000\000\000\000\000\000\000\000"-
#366	NEW    cov: 2581 ft: 3295 corp: 72/14498b lim: 377 exec/s: 366 rss: 79Mb L: 98/377 MS: 2 CrossOver-ChangeBit-
#398	NEW    cov: 2581 ft: 3296 corp: 73/14762b lim: 377 exec/s: 398 rss: 79Mb L: 264/377 MS: 2 CMP-PersAutoDict- DE: "\001\000\000\000\000\000\000\000"-"rej_use_sensible_wd"-
#400	NEW    cov: 2581 ft: 3313 corp: 74/15023b lim: 377 exec/s: 400 rss: 79Mb L: 261/377 MS: 2 ChangeByte-CopyPart-
#414	NEW    cov: 2581 ft: 3315 corp: 75/15369b lim: 377 exec/s: 207 rss: 79Mb L: 346/377 MS: 4 CMP-ShuffleBytes-ChangeBit-CopyPart- DE: "\001\000>~"-
#444	NEW    cov: 2581 ft: 3322 corp: 76/15666b lim: 377 exec/s: 222 rss: 79Mb L: 297/377 MS: 5 ChangeASCIIInt-CMP-PersAutoDict-CrossOver-CrossOver- DE: "load_bigram_dawg"-"\007\000\000\000"-
#452	NEW    cov: 2581 ft: 3329 corp: 77/16040b lim: 377 exec/s: 226 rss: 79Mb L: 374/377 MS: 3 InsertRepeatedBytes-InsertRepeatedBytes-InsertByte-
#465	REDUCE cov: 2581 ft: 3329 corp: 77/15986b lim: 377 exec/s: 232 rss: 79Mb L: 83/377 MS: 3 ChangeASCIIInt-ChangeBinInt-EraseBytes-
#507	NEW    cov: 2581 ft: 3331 corp: 78/16086b lim: 377 exec/s: 253 rss: 79Mb L: 100/377 MS: 1 CMP- DE: "\377\377"-
#512	pulse  cov: 2581 ft: 3331 corp: 78/16086b lim: 377 exec/s: 256 rss: 79Mb
#533	NEW    cov: 2581 ft: 3333 corp: 79/16356b lim: 377 exec/s: 266 rss: 79Mb L: 270/377 MS: 1 CopyPart-
#540	REDUCE cov: 2581 ft: 3333 corp: 79/16267b lim: 377 exec/s: 270 rss: 79Mb L: 138/377 MS: 2 InsertRepeatedBytes-EraseBytes-
#541	NEW    cov: 2581 ft: 3337 corp: 80/16Kb lim: 377 exec/s: 270 rss: 79Mb L: 282/377 MS: 1 ShuffleBytes-
#558	REDUCE cov: 2581 ft: 3337 corp: 80/16Kb lim: 377 exec/s: 279 rss: 79Mb L: 278/377 MS: 2 CrossOver-EraseBytes-
#585	REDUCE cov: 2581 ft: 3337 corp: 80/16Kb lim: 377 exec/s: 292 rss: 79Mb L: 23/377 MS: 2 ShuffleBytes-EraseBytes-
#600	REDUCE cov: 2581 ft: 3337 corp: 80/16Kb lim: 377 exec/s: 300 rss: 79Mb L: 123/377 MS: 5 ChangeByte-CMP-ChangeBit-ChangeBinInt-EraseBytes- DE: "!\000\000\000\000\000\000\000"-
#605	NEW    cov: 2581 ft: 3338 corp: 81/16Kb lim: 377 exec/s: 302 rss: 79Mb L: 360/377 MS: 5 CrossOver-PersAutoDict-InsertRepeatedBytes-InsertByte-CopyPart- DE: "\020\000"-
#612	REDUCE cov: 2581 ft: 3338 corp: 81/16Kb lim: 377 exec/s: 306 rss: 79Mb L: 254/377 MS: 2 ChangeBinInt-CrossOver-
#614	NEW    cov: 2581 ft: 3343 corp: 82/16Kb lim: 377 exec/s: 307 rss: 79Mb L: 375/377 MS: 2 InsertRepeatedBytes-ChangeByte-
#615	REDUCE cov: 2581 ft: 3343 corp: 82/16Kb lim: 377 exec/s: 307 rss: 79Mb L: 132/377 MS: 1 EraseBytes-
#651	REDUCE cov: 2581 ft: 3344 corp: 83/16Kb lim: 377 exec/s: 325 rss: 79Mb L: 254/377 MS: 1 ChangeByte-
#672	REDUCE cov: 2581 ft: 3344 corp: 83/16Kb lim: 377 exec/s: 336 rss: 79Mb L: 58/377 MS: 1 EraseBytes-
#675	NEW    cov: 2581 ft: 3348 corp: 84/17Kb lim: 377 exec/s: 337 rss: 79Mb L: 368/377 MS: 3 CopyPart-ChangeBit-ChangeBit-
#710	NEW    cov: 2581 ft: 3354 corp: 85/17Kb lim: 377 exec/s: 355 rss: 79Mb L: 377/377 MS: 5 ChangeByte-CopyPart-CrossOver-CopyPart-CrossOver-
#718	NEW    cov: 2581 ft: 3367 corp: 86/17Kb lim: 377 exec/s: 359 rss: 79Mb L: 259/377 MS: 3 ShuffleBytes-InsertRepeatedBytes-EraseBytes-
#746	NEW    cov: 2581 ft: 3369 corp: 87/18Kb lim: 377 exec/s: 248 rss: 79Mb L: 260/377 MS: 3 CMP-ChangeBit-InsertRepeatedBytes- DE: "}>"-
#747	NEW    cov: 2581 ft: 3370 corp: 88/18Kb lim: 377 exec/s: 249 rss: 79Mb L: 270/377 MS: 1 CMP- DE: "preserve_interword_spa"-
#783	REDUCE cov: 2581 ft: 3371 corp: 89/18Kb lim: 377 exec/s: 261 rss: 79Mb L: 255/377 MS: 1 InsertByte-
#784	NEW    cov: 2582 ft: 3372 corp: 90/18Kb lim: 377 exec/s: 261 rss: 79Mb L: 88/377 MS: 1 CrossOver-
#834	NEW    cov: 2582 ft: 3373 corp: 91/18Kb lim: 377 exec/s: 278 rss: 79Mb L: 264/377 MS: 5 InsertByte-InsertByte-CrossOver-ChangeBinInt-ShuffleBytes-
#844	REDUCE cov: 2582 ft: 3373 corp: 91/18Kb lim: 377 exec/s: 281 rss: 79Mb L: 79/377 MS: 5 ChangeByte-PersAutoDict-CopyPart-PersAutoDict-CrossOver- DE: "\001\000>~"-"tessedit_word_for_word"-
#851	NEW    cov: 2582 ft: 3374 corp: 92/19Kb lim: 377 exec/s: 283 rss: 79Mb L: 265/377 MS: 2 InsertRepeatedBytes-InsertRepeatedBytes-
#857	NEW    cov: 2582 ft: 3375 corp: 93/19Kb lim: 377 exec/s: 285 rss: 79Mb L: 377/377 MS: 1 ChangeByte-
#873	REDUCE cov: 2582 ft: 3376 corp: 94/19Kb lim: 377 exec/s: 291 rss: 79Mb L: 293/377 MS: 1 CopyPart-
#921	NEW    cov: 2582 ft: 3389 corp: 95/19Kb lim: 377 exec/s: 307 rss: 79Mb L: 1/377 MS: 3 ChangeByte-ChangeByte-CrossOver-
#957	REDUCE cov: 2582 ft: 3389 corp: 95/19Kb lim: 377 exec/s: 319 rss: 79Mb L: 160/377 MS: 1 EraseBytes-
#973	REDUCE cov: 2582 ft: 3389 corp: 95/19Kb lim: 377 exec/s: 324 rss: 79Mb L: 83/377 MS: 1 EraseBytes-
#1021	REDUCE cov: 2582 ft: 3389 corp: 95/19Kb lim: 377 exec/s: 340 rss: 79Mb L: 44/377 MS: 3 ChangeBinInt-ChangeBinInt-EraseBytes-
#1024	pulse  cov: 2582 ft: 3389 corp: 95/19Kb lim: 377 exec/s: 341 rss: 79Mb
#1027	REDUCE cov: 2582 ft: 3389 corp: 95/19Kb lim: 377 exec/s: 342 rss: 79Mb L: 373/377 MS: 1 EraseBytes-
#1031	NEW    cov: 2582 ft: 3390 corp: 96/20Kb lim: 377 exec/s: 343 rss: 79Mb L: 257/377 MS: 4 ChangeByte-CrossOver-ShuffleBytes-EraseBytes-
#1044	REDUCE cov: 2582 ft: 3390 corp: 96/20Kb lim: 377 exec/s: 348 rss: 79Mb L: 50/377 MS: 3 ShuffleBytes-EraseBytes-PersAutoDict- DE: "\001\000` \000\262<5"-
#1045	REDUCE cov: 2582 ft: 3390 corp: 96/20Kb lim: 377 exec/s: 348 rss: 79Mb L: 64/377 MS: 1 EraseBytes-
#1052	REDUCE cov: 2582 ft: 3390 corp: 96/19Kb lim: 377 exec/s: 350 rss: 79Mb L: 164/377 MS: 2 InsertRepeatedBytes-EraseBytes-
#1071	REDUCE cov: 2582 ft: 3390 corp: 96/19Kb lim: 377 exec/s: 267 rss: 79Mb L: 332/377 MS: 4 ShuffleBytes-ShuffleBytes-EraseBytes-PersAutoDict- DE: "\001\000` \000\262<5"-
#1154	REDUCE cov: 2582 ft: 3390 corp: 96/19Kb lim: 377 exec/s: 288 rss: 79Mb L: 51/377 MS: 3 InsertByte-CopyPart-EraseBytes-
#1169	REDUCE cov: 2582 ft: 3390 corp: 96/19Kb lim: 377 exec/s: 292 rss: 79Mb L: 29/377 MS: 5 InsertByte-ChangeBit-CMP-PersAutoDict-EraseBytes- DE: "\001\000\000\000\000\000\000@"-"\001\000"-
#1200	NEW    cov: 2582 ft: 3403 corp: 97/20Kb lim: 377 exec/s: 300 rss: 79Mb L: 283/377 MS: 1 CopyPart-
#1215	NEW    cov: 2582 ft: 3405 corp: 98/20Kb lim: 377 exec/s: 303 rss: 79Mb L: 326/377 MS: 5 InsertRepeatedBytes-ChangeBinInt-CrossOver-ShuffleBytes-CopyPart-
#1283	REDUCE cov: 2582 ft: 3405 corp: 98/20Kb lim: 377 exec/s: 320 rss: 79Mb L: 340/377 MS: 3 InsertByte-ChangeBinInt-EraseBytes-
#1490	REDUCE cov: 2582 ft: 3407 corp: 99/20Kb lim: 377 exec/s: 298 rss: 79Mb L: 164/377 MS: 2 ChangeByte-EraseBytes-
#1570	NEW    cov: 2582 ft: 3430 corp: 100/20Kb lim: 377 exec/s: 314 rss: 79Mb L: 293/377 MS: 5 CopyPart-ShuffleBytes-EraseBytes-ChangeByte-CopyPart-
#1586	REDUCE cov: 2583 ft: 3433 corp: 101/21Kb lim: 377 exec/s: 317 rss: 79Mb L: 373/377 MS: 1 ChangeBinInt-
#1593	REDUCE cov: 2583 ft: 3435 corp: 102/21Kb lim: 377 exec/s: 318 rss: 79Mb L: 206/377 MS: 2 CopyPart-CopyPart-
#1645	NEW    cov: 2583 ft: 3440 corp: 103/21Kb lim: 377 exec/s: 329 rss: 79Mb L: 341/377 MS: 2 InsertByte-CrossOver-
#1652	REDUCE cov: 2583 ft: 3440 corp: 103/21Kb lim: 377 exec/s: 330 rss: 79Mb L: 119/377 MS: 2 PersAutoDict-EraseBytes- DE: "rej_use_sensible_wd"-
#1778	REDUCE cov: 2583 ft: 3440 corp: 103/21Kb lim: 377 exec/s: 296 rss: 79Mb L: 135/377 MS: 1 EraseBytes-
#1916	NEW    cov: 2583 ft: 3441 corp: 104/22Kb lim: 377 exec/s: 319 rss: 79Mb L: 209/377 MS: 3 CrossOver-PersAutoDict-CopyPart- DE: "\007\000\000\000"-
#1928	REDUCE cov: 2583 ft: 3441 corp: 104/22Kb lim: 377 exec/s: 321 rss: 79Mb L: 69/377 MS: 2 CopyPart-EraseBytes-
#1931	REDUCE cov: 2583 ft: 3441 corp: 104/21Kb lim: 377 exec/s: 321 rss: 79Mb L: 210/377 MS: 3 ChangeASCIIInt-ShuffleBytes-EraseBytes-
#1941	NEW    cov: 2583 ft: 3451 corp: 105/22Kb lim: 377 exec/s: 323 rss: 79Mb L: 241/377 MS: 5 EraseBytes-InsertByte-CopyPart-ChangeByte-CopyPart-
#1980	REDUCE cov: 2583 ft: 3451 corp: 105/22Kb lim: 377 exec/s: 330 rss: 79Mb L: 303/377 MS: 4 InsertByte-InsertRepeatedBytes-CopyPart-EraseBytes-
#2048	pulse  cov: 2583 ft: 3451 corp: 105/22Kb lim: 377 exec/s: 341 rss: 79Mb
#2049	NEW    cov: 2583 ft: 3454 corp: 106/22Kb lim: 377 exec/s: 341 rss: 79Mb L: 345/377 MS: 4 CMP-InsertByte-CrossOver-CMP- DE: "ent_tefxt"-"\361=\345\000 `\000\000"-
#2177	NEW    cov: 2583 ft: 3473 corp: 107/22Kb lim: 377 exec/s: 311 rss: 79Mb L: 377/377 MS: 3 CMP-ChangeBit-CopyPart- DE: "textord_tabfind_force_ver"-
#2181	NEW    cov: 2583 ft: 3479 corp: 108/23Kb lim: 377 exec/s: 311 rss: 79Mb L: 364/377 MS: 4 CMP-ChangeByte-ShuffleBytes-CopyPart- DE: "\000\000\000\000\000\000\000\000"-
#2203	NEW    cov: 2583 ft: 3480 corp: 109/23Kb lim: 377 exec/s: 314 rss: 79Mb L: 377/377 MS: 2 ShuffleBytes-CopyPart-
#2241	REDUCE cov: 2583 ft: 3480 corp: 109/23Kb lim: 377 exec/s: 320 rss: 79Mb L: 372/377 MS: 3 ShuffleBytes-ChangeBinInt-EraseBytes-
#2292	NEW    cov: 2583 ft: 3481 corp: 110/23Kb lim: 377 exec/s: 327 rss: 79Mb L: 328/377 MS: 1 CopyPart-
#2391	NEW    cov: 2583 ft: 3482 corp: 111/24Kb lim: 377 exec/s: 341 rss: 79Mb L: 375/377 MS: 4 CrossOver-PersAutoDict-PersAutoDict-ChangeBinInt- DE: "\001\000"-"!\000\000\000\000\000\000\000"-
#2404	REDUCE cov: 2583 ft: 3482 corp: 111/24Kb lim: 377 exec/s: 343 rss: 79Mb L: 276/377 MS: 3 CopyPart-CopyPart-EraseBytes-
#2414	REDUCE cov: 2583 ft: 3482 corp: 111/24Kb lim: 377 exec/s: 344 rss: 79Mb L: 140/377 MS: 5 CMP-CopyPart-InsertRepeatedBytes-EraseBytes-ChangeByte- DE: "\000\000` \000\357\250R"-
#2436	REDUCE cov: 2583 ft: 3482 corp: 111/24Kb lim: 377 exec/s: 348 rss: 79Mb L: 37/377 MS: 2 InsertByte-EraseBytes-
#2588	REDUCE cov: 2583 ft: 3482 corp: 111/24Kb lim: 377 exec/s: 323 rss: 79Mb L: 116/377 MS: 2 ChangeASCIIInt-EraseBytes-
#2631	REDUCE cov: 2583 ft: 3482 corp: 111/24Kb lim: 377 exec/s: 328 rss: 79Mb L: 327/377 MS: 3 EraseBytes-ChangeBinInt-CopyPart-
#2634	REDUCE cov: 2583 ft: 3482 corp: 111/24Kb lim: 377 exec/s: 329 rss: 79Mb L: 56/377 MS: 3 PersAutoDict-ShuffleBytes-EraseBytes- DE: "\020\000"-
#2637	REDUCE cov: 2583 ft: 3482 corp: 111/24Kb lim: 377 exec/s: 329 rss: 79Mb L: 20/377 MS: 3 InsertByte-ShuffleBytes-EraseBytes-
#2787	NEW    cov: 2583 ft: 3485 corp: 112/24Kb lim: 377 exec/s: 309 rss: 79Mb L: 197/377 MS: 5 ShuffleBytes-ChangeBinInt-ChangeBinInt-ChangeBinInt-EraseBytes-
#2887	NEW    cov: 2584 ft: 3486 corp: 113/24Kb lim: 377 exec/s: 320 rss: 79Mb L: 303/377 MS: 5 ChangeASCIIInt-ChangeByte-ChangeASCIIInt-InsertRepeatedBytes-CrossOver-
#2904	REDUCE cov: 2584 ft: 3486 corp: 113/24Kb lim: 377 exec/s: 322 rss: 79Mb L: 194/377 MS: 2 ChangeBit-EraseBytes-
#2935	REDUCE cov: 2584 ft: 3486 corp: 113/24Kb lim: 377 exec/s: 326 rss: 79Mb L: 175/377 MS: 1 EraseBytes-
#2996	REDUCE cov: 2584 ft: 3486 corp: 113/24Kb lim: 377 exec/s: 299 rss: 79Mb L: 278/377 MS: 1 EraseBytes-
#3067	REDUCE cov: 2584 ft: 3486 corp: 113/24Kb lim: 377 exec/s: 306 rss: 79Mb L: 369/377 MS: 1 EraseBytes-
#3073	REDUCE cov: 2584 ft: 3486 corp: 113/24Kb lim: 377 exec/s: 307 rss: 79Mb L: 267/377 MS: 1 EraseBytes-
#3086	REDUCE cov: 2584 ft: 3486 corp: 113/24Kb lim: 377 exec/s: 308 rss: 79Mb L: 280/377 MS: 3 CrossOver-CMP-EraseBytes- DE: "\377\377\377\377\377\377\377\377"-
#3092	NEW    cov: 2584 ft: 3501 corp: 114/24Kb lim: 377 exec/s: 309 rss: 79Mb L: 178/377 MS: 1 CopyPart-
#3106	REDUCE cov: 2584 ft: 3501 corp: 114/24Kb lim: 377 exec/s: 310 rss: 79Mb L: 252/377 MS: 4 ChangeASCIIInt-CopyPart-ChangeBit-EraseBytes-
#3167	REDUCE cov: 2584 ft: 3501 corp: 114/24Kb lim: 377 exec/s: 316 rss: 79Mb L: 15/377 MS: 1 EraseBytes-
#3229	REDUCE cov: 2584 ft: 3501 corp: 114/24Kb lim: 377 exec/s: 322 rss: 79Mb L: 53/377 MS: 2 PersAutoDict-EraseBytes- DE: "\001\000>~"-
#3248	REDUCE cov: 2584 ft: 3501 corp: 114/24Kb lim: 377 exec/s: 324 rss: 79Mb L: 295/377 MS: 4 InsertByte-InsertByte-ChangeBit-EraseBytes-
#3270	REDUCE cov: 2584 ft: 3501 corp: 114/24Kb lim: 377 exec/s: 327 rss: 79Mb L: 279/377 MS: 2 CopyPart-EraseBytes-
#3297	NEW    cov: 2584 ft: 3502 corp: 115/24Kb lim: 377 exec/s: 329 rss: 79Mb L: 377/377 MS: 2 CrossOver-CopyPart-
#3321	REDUCE cov: 2584 ft: 3502 corp: 115/24Kb lim: 377 exec/s: 332 rss: 79Mb L: 273/377 MS: 4 ShuffleBytes-ShuffleBytes-ShuffleBytes-EraseBytes-
#3332	REDUCE cov: 2584 ft: 3502 corp: 115/24Kb lim: 377 exec/s: 333 rss: 79Mb L: 28/377 MS: 1 EraseBytes-
#3435	NEW    cov: 2584 ft: 3506 corp: 116/24Kb lim: 377 exec/s: 312 rss: 79Mb L: 238/377 MS: 3 CopyPart-ChangeByte-CrossOver-
#3449	REDUCE cov: 2584 ft: 3506 corp: 116/24Kb lim: 377 exec/s: 313 rss: 79Mb L: 320/377 MS: 4 InsertRepeatedBytes-ChangeBinInt-CrossOver-CopyPart-
#3526	REDUCE cov: 2584 ft: 3506 corp: 116/24Kb lim: 377 exec/s: 320 rss: 79Mb L: 235/377 MS: 2 ChangeByte-EraseBytes-
#3562	REDUCE cov: 2584 ft: 3506 corp: 116/24Kb lim: 377 exec/s: 323 rss: 79Mb L: 100/377 MS: 1 EraseBytes-
#3593	REDUCE cov: 2584 ft: 3506 corp: 116/24Kb lim: 377 exec/s: 326 rss: 79Mb L: 293/377 MS: 1 EraseBytes-
#3659	REDUCE cov: 2584 ft: 3506 corp: 116/24Kb lim: 377 exec/s: 332 rss: 79Mb L: 266/377 MS: 1 EraseBytes-
#3757	REDUCE cov: 2584 ft: 3506 corp: 116/24Kb lim: 377 exec/s: 341 rss: 79Mb L: 372/377 MS: 3 ChangeBit-ShuffleBytes-EraseBytes-
#3825	NEW    cov: 2584 ft: 3507 corp: 117/25Kb lim: 377 exec/s: 318 rss: 79Mb L: 374/377 MS: 3 EraseBytes-CrossOver-CopyPart-
#3916	REDUCE cov: 2584 ft: 3507 corp: 117/25Kb lim: 377 exec/s: 326 rss: 79Mb L: 10/377 MS: 1 EraseBytes-
#3924	NEW    cov: 2584 ft: 3510 corp: 118/25Kb lim: 377 exec/s: 327 rss: 79Mb L: 375/377 MS: 3 CopyPart-CopyPart-CopyPart-
#3957	REDUCE cov: 2584 ft: 3510 corp: 118/25Kb lim: 377 exec/s: 329 rss: 79Mb L: 40/377 MS: 3 PersAutoDict-ChangeBit-EraseBytes- DE: "rej_use_sensible_wd"-
#3996	REDUCE cov: 2584 ft: 3510 corp: 118/25Kb lim: 377 exec/s: 333 rss: 79Mb L: 18/377 MS: 4 CMP-ChangeBit-PersAutoDict-EraseBytes- DE: "\001\000\000\001m\221\036\227"-"\001\000\000\000\000\000\000@"-
#4018	REDUCE cov: 2584 ft: 3510 corp: 118/25Kb lim: 377 exec/s: 334 rss: 79Mb L: 353/377 MS: 2 CMP-EraseBytes- DE: "\001\000\000\001m\221\036\200"-
#4068	REDUCE cov: 2584 ft: 3510 corp: 118/25Kb lim: 377 exec/s: 312 rss: 79Mb L: 348/377 MS: 5 ChangeBinInt-ChangeByte-ShuffleBytes-ChangeASCIIInt-EraseBytes-
#4096	pulse  cov: 2584 ft: 3510 corp: 118/25Kb lim: 377 exec/s: 315 rss: 79Mb
#4190	REDUCE cov: 2584 ft: 3511 corp: 119/25Kb lim: 377 exec/s: 322 rss: 79Mb L: 337/377 MS: 2 CrossOver-CopyPart-
#4285	NEW    cov: 2584 ft: 3512 corp: 120/25Kb lim: 377 exec/s: 329 rss: 79Mb L: 221/377 MS: 5 ShuffleBytes-InsertByte-CopyPart-ChangeBit-CopyPart-
#4300	REDUCE cov: 2584 ft: 3512 corp: 120/25Kb lim: 377 exec/s: 330 rss: 79Mb L: 333/377 MS: 5 InsertByte-ChangeByte-PersAutoDict-ChangeByte-EraseBytes- DE: "\001\000>~"-
#4334	REDUCE cov: 2584 ft: 3512 corp: 120/25Kb lim: 377 exec/s: 333 rss: 79Mb L: 10/377 MS: 4 ChangeBinInt-CopyPart-ChangeBit-EraseBytes-
#4346	REDUCE cov: 2584 ft: 3512 corp: 120/25Kb lim: 377 exec/s: 334 rss: 79Mb L: 147/377 MS: 2 CopyPart-EraseBytes-
#4352	REDUCE cov: 2584 ft: 3512 corp: 120/25Kb lim: 377 exec/s: 334 rss: 79Mb L: 9/377 MS: 1 EraseBytes-
#4422	NEW    cov: 2584 ft: 3517 corp: 121/26Kb lim: 377 exec/s: 315 rss: 79Mb L: 364/377 MS: 5 PersAutoDict-CopyPart-InsertByte-CopyPart-CopyPart- DE: "preserve_interword_"-
#4455	REDUCE cov: 2584 ft: 3517 corp: 121/26Kb lim: 377 exec/s: 318 rss: 79Mb L: 41/377 MS: 3 InsertByte-ChangeBinInt-EraseBytes-
#4607	REDUCE cov: 2584 ft: 3518 corp: 122/26Kb lim: 377 exec/s: 329 rss: 79Mb L: 274/377 MS: 2 ChangeBit-PersAutoDict- DE: "\000\000\000\001m\221\037A"-
#4608	REDUCE cov: 2584 ft: 3518 corp: 122/26Kb lim: 377 exec/s: 329 rss: 79Mb L: 81/377 MS: 1 EraseBytes-
#4632	REDUCE cov: 2584 ft: 3518 corp: 122/26Kb lim: 377 exec/s: 330 rss: 79Mb L: 34/377 MS: 4 ChangeBit-ShuffleBytes-CrossOver-EraseBytes-
#4634	REDUCE cov: 2584 ft: 3518 corp: 122/26Kb lim: 377 exec/s: 331 rss: 79Mb L: 77/377 MS: 2 PersAutoDict-EraseBytes- DE: "\020\000"-
#4655	REDUCE cov: 2584 ft: 3518 corp: 122/26Kb lim: 377 exec/s: 332 rss: 79Mb L: 267/377 MS: 1 EraseBytes-
#4749	REDUCE cov: 2584 ft: 3518 corp: 122/26Kb lim: 377 exec/s: 316 rss: 79Mb L: 217/377 MS: 4 ChangeASCIIInt-InsertByte-EraseBytes-CopyPart-
#4785	REDUCE cov: 2584 ft: 3518 corp: 122/26Kb lim: 377 exec/s: 319 rss: 79Mb L: 356/377 MS: 1 EraseBytes-
#4896	REDUCE cov: 2584 ft: 3518 corp: 122/26Kb lim: 377 exec/s: 326 rss: 79Mb L: 79/377 MS: 1 EraseBytes-
#4991	REDUCE cov: 2584 ft: 3518 corp: 122/26Kb lim: 377 exec/s: 311 rss: 79Mb L: 256/377 MS: 5 EraseBytes-PersAutoDict-InsertRepeatedBytes-InsertRepeatedBytes-EraseBytes- DE: "\001\000\000\001m\221\036\227"-
#4994	REDUCE cov: 2584 ft: 3519 corp: 123/26Kb lim: 377 exec/s: 312 rss: 79Mb L: 242/377 MS: 3 CrossOver-InsertRepeatedBytes-CopyPart-
#5105	REDUCE cov: 2584 ft: 3519 corp: 123/26Kb lim: 377 exec/s: 319 rss: 79Mb L: 267/377 MS: 1 EraseBytes-
#5199	NEW    cov: 2584 ft: 3520 corp: 124/26Kb lim: 377 exec/s: 305 rss: 79Mb L: 375/377 MS: 4 ChangeBit-ChangeBit-ChangeBinInt-PersAutoDict- DE: "\361=\345\000 `\000\000"-
#5217	REDUCE cov: 2584 ft: 3520 corp: 124/26Kb lim: 377 exec/s: 306 rss: 79Mb L: 123/377 MS: 3 ChangeByte-ChangeASCIIInt-EraseBytes-
#5285	NEW    cov: 2584 ft: 3521 corp: 125/26Kb lim: 377 exec/s: 310 rss: 79Mb L: 372/377 MS: 3 ChangeBit-PersAutoDict-PersAutoDict- DE: "\001\000` \000\262<5"-"\005\000"-
#5441	REDUCE cov: 2584 ft: 3521 corp: 125/26Kb lim: 377 exec/s: 320 rss: 79Mb L: 29/377 MS: 1 EraseBytes-
#5458	REDUCE cov: 2584 ft: 3521 corp: 125/26Kb lim: 377 exec/s: 321 rss: 79Mb L: 212/377 MS: 2 CMP-EraseBytes- DE: "Y\002"-
#5670	REDUCE cov: 2584 ft: 3521 corp: 125/26Kb lim: 377 exec/s: 315 rss: 100Mb L: 323/377 MS: 2 InsertByte-EraseBytes-
#5779	REDUCE cov: 2584 ft: 3521 corp: 125/26Kb lim: 377 exec/s: 321 rss: 100Mb L: 21/377 MS: 4 ChangeByte-ChangeBinInt-CrossOver-EraseBytes-
Starting sh -c "trap 'kill %1' 0 1 2 ; java -Xms1024m -Xmx2048m -jar ./ScrollView.jar & wait"
The operation couldn’t be completed. Unable to locate a Java Runtime.
Please visit http://www.java.com for information on installing Java.

sh: line 0: kill: %1: no such job
ScrollView: Waiting for server...
ScrollView: Waiting for server...
ScrollView: Waiting for server...
ScrollView: Waiting for server...
ScrollView: Waiting for server...
ScrollView: Waiting for server...
ScrollView: Waiting for server...
ScrollView: Waiting for server...
ScrollView: Waiting for server...
ScrollView: Waiting for server...
ScrollView: Waiting for server...
ScrollView: Waiting for server...
ScrollView: Waiting for server...
ScrollView: Waiting for server...
ScrollView: Waiting for server...
ScrollView: Waiting for server...
ScrollView: Waiting for server...
ScrollView: Waiting for server...
ScrollView: Waiting for server...
ScrollView: Waiting for server...
ScrollView: Waiting for server...
ScrollView: Waiting for server...
ScrollView: Waiting for server...
ScrollView: Waiting for server...
ScrollView: Waiting for server...
ScrollView: Waiting for server...
ScrollView: Waiting for server...
ScrollView: Waiting for server...
ScrollView: Waiting for server...
ScrollView: Waiting for server...
ScrollView: Waiting for server...
ScrollView: Waiting for server...
ScrollView: Waiting for server...
ScrollView: Waiting for server...
ScrollView: Waiting for server...
ScrollView: Waiting for server...
ScrollView: Waiting for server...
ScrollView: Waiting for server...
ScrollView: Waiting for server...
ScrollView: Waiting for server...
ScrollView: Waiting for server...
ScrollView: Waiting for server...
ScrollView: Waiting for server...
ScrollView: Waiting for server...
ScrollView: Waiting for server...
ScrollView: Waiting for server...
ScrollView: Waiting for server...
ScrollView: Waiting for server...
ScrollView: Waiting for server...
ScrollView: Waiting for server...
ScrollView: Waiting for server...
ScrollView: Waiting for server...
ScrollView: Waiting for server...
ScrollView: Waiting for server...
ScrollView: Waiting for server...
ScrollView: Waiting for server...
ScrollView: Waiting for server...
ScrollView: Waiting for server...
ScrollView: Waiting for server...
ScrollView: Waiting for server...
ScrollView: Waiting for server...
ScrollView: Waiting for server...
ScrollView: Waiting for server...
ScrollView: Waiting for server...
ScrollView: Waiting for server...
ScrollView: Waiting for server...
ScrollView: Waiting for server...
ScrollView: Waiting for server...
ScrollView: Waiting for server...
ScrollView: Waiting for server...
ScrollView: Waiting for server...
ScrollView: Waiting for server...
ScrollView: Waiting for server...
ScrollView: Waiting for server...
ScrollView: Waiting for server...
ScrollView: Waiting for server...
ScrollView: Waiting for server...
ScrollView: Waiting for server...
ScrollView: Waiting for server...
ScrollView: Waiting for server...
ScrollView: Waiting for server...
ScrollView: Waiting for server...
ScrollView: Waiting for server...
ScrollView: Waiting for server...
ScrollView: Waiting for server...
ScrollView: Waiting for server...
ScrollView: Waiting for server...
ScrollView: Waiting for server...
ScrollView: Waiting for server...
ScrollView: Waiting for server...
ScrollView: Waiting for server...
ScrollView: Waiting for server...
ScrollView: Waiting for server...
ScrollView: Waiting for server...
ScrollView: Waiting for server...
ScrollView: Waiting for server...
ScrollView: Waiting for server...
ScrollView: Waiting for server...
ScrollView: Waiting for server...
ScrollView: Waiting for server...
ScrollView: Waiting for server...
ScrollView: Waiting for server...
ScrollView: Waiting for server...
ScrollView: Waiting for server...
ScrollView: Waiting for server...
ScrollView: Waiting for server...
ScrollView: Waiting for server...
ScrollView: Waiting for server...
ScrollView: Waiting for server...
ScrollView: Waiting for server...
ScrollView: Waiting for server...
ScrollView: Waiting for server...
ScrollView: Waiting for server...
ScrollView: Waiting for server...
ScrollView: Waiting for server...
ScrollView: Waiting for server...
ScrollView: Waiting for server...
ScrollView: Waiting for server...
ScrollView: Waiting for server...
ScrollView: Waiting for server...
ScrollView: Waiting for server...
ScrollView: Waiting for server...
ScrollView: Waiting for server...
ScrollView: Waiting for server...
ScrollView: Waiting for server...
ScrollView: Waiting for server...
ScrollView: Waiting for server...
ScrollView: Waiting for server...
ScrollView: Waiting for server...
ScrollView: Waiting for server...
ScrollView: Waiting for server...
ScrollView: Waiting for server...
ScrollView: Waiting for server...
ScrollView: Waiting for server...
ScrollView: Waiting for server...
ScrollView: Waiting for server...
ScrollView: Waiting for server...
ScrollView: Waiting for server...
ScrollView: Waiting for server...
ScrollView: Waiting for server...
ScrollView: Waiting for server...
ScrollView: Waiting for server...
ScrollView: Waiting for server...
ScrollView: Waiting for server...
ScrollView: Waiting for server...
ScrollView: Waiting for server...
ScrollView: Waiting for server...
ScrollView: Waiting for server...
ScrollView: Waiting for server...
ScrollView: Waiting for server...
ScrollView: Waiting for server...
ScrollView: Waiting for server...
ScrollView: Waiting for server...
ScrollView: Waiting for server...
ScrollView: Waiting for server...
ScrollView: Waiting for server...
ScrollView: Waiting for server...
ScrollView: Waiting for server...
ScrollView: Waiting for server...
ScrollView: Waiting for server...
ScrollView: Waiting for server...
ScrollView: Waiting for server...
ScrollView: Waiting for server...
ScrollView: Waiting for server...
ScrollView: Waiting for server...
ScrollView: Waiting for server...
ScrollView: Waiting for server...
ScrollView: Waiting for server...
ScrollView: Waiting for server...
ScrollView: Waiting for server...
ScrollView: Waiting for server...
ScrollView: Waiting for server...
ScrollView: Waiting for server...
ScrollView: Waiting for server...
ScrollView: Waiting for server...
ScrollView: Waiting for server...
ScrollView: Waiting for server...
ScrollView: Waiting for server...
ScrollView: Waiting for server...
ScrollView: Waiting for server...
ScrollView: Waiting for server...
ScrollView: Waiting for server...
ScrollView: Waiting for server...
ScrollView: Waiting for server...
ScrollView: Waiting for server...
ScrollView: Waiting for server...
ScrollView: Waiting for server...
ScrollView: Waiting for server...
ScrollView: Waiting for server...
ScrollView: Waiting for server...
ScrollView: Waiting for server...
ScrollView: Waiting for server...
ScrollView: Waiting for server...
ScrollView: Waiting for server...
ScrollView: Waiting for server...
ScrollView: Waiting for server...
ScrollView: Waiting for server...
ScrollView: Waiting for server...
ScrollView: Waiting for server...
ScrollView: Waiting for server...
ScrollView: Waiting for server...
ScrollView: Waiting for server...
ScrollView: Waiting for server...
ScrollView: Waiting for server...
ScrollView: Waiting for server...
ScrollView: Waiting for server...
ScrollView: Waiting for server...
ScrollView: Waiting for server...
ScrollView: Waiting for server...
ScrollView: Waiting for server...
ScrollView: Waiting for server...
ScrollView: Waiting for server...
ScrollView: Waiting for server...
ScrollView: Waiting for server...
ScrollView: Waiting for server...
ScrollView: Waiting for server...
ScrollView: Waiting for server...
ScrollView: Waiting for server...
ScrollView: Waiting for server...
ScrollView: Waiting for server...
ScrollView: Waiting for server...
ScrollView: Waiting for server...
ScrollView: Waiting for server...
ScrollView: Waiting for server...
ScrollView: Waiting for server...
ScrollView: Waiting for server...
ScrollView: Waiting for server...
ScrollView: Waiting for server...
ScrollView: Waiting for server...
ScrollView: Waiting for server...
ScrollView: Waiting for server...
ScrollView: Waiting for server...
ScrollView: Waiting for server...
ScrollView: Waiting for server...
ScrollView: Waiting for server...
ScrollView: Waiting for server...
ScrollView: Waiting for server...
ScrollView: Waiting for server...
ScrollView: Waiting for server...
ScrollView: Waiting for server...
ScrollView: Waiting for server...
ScrollView: Waiting for server...
ScrollView: Waiting for server...
ScrollView: Waiting for server...
ScrollView: Waiting for server...
ScrollView: Waiting for server...
ScrollView: Waiting for server...
ScrollView: Waiting for server...
ScrollView: Waiting for server...
ScrollView: Waiting for server...
ScrollView: Waiting for server...
ScrollView: Waiting for server...
ScrollView: Waiting for server...
ScrollView: Waiting for server...
ScrollView: Waiting for server...
ScrollView: Waiting for server...
ScrollView: Waiting for server...
ScrollView: Waiting for server...
ScrollView: Waiting for server...
ScrollView: Waiting for server...
ScrollView: Waiting for server...
ScrollView: Waiting for server...
ScrollView: Waiting for server...
ScrollView: Waiting for server...
ScrollView: Waiting for server...
ScrollView: Waiting for server...
ScrollView: Waiting for server...
ScrollView: Waiting for server...
ScrollView: Waiting for server...
ScrollView: Waiting for server...
ScrollView: Waiting for server...
ScrollView: Waiting for server...
ScrollView: Waiting for server...
ScrollView: Waiting for server...
ScrollView: Waiting for server...
ScrollView: Waiting for server...
ScrollView: Waiting for server...
ScrollView: Waiting for server...
ScrollView: Waiting for server...
ScrollView: Waiting for server...
ScrollView: Waiting for server...
ScrollView: Waiting for server...
ScrollView: Waiting for server...
ScrollView: Waiting for server...
ScrollView: Waiting for server...
ScrollView: Waiting for server...
ScrollView: Waiting for server...
ScrollView: Waiting for server...
ScrollView: Waiting for server...
ScrollView: Waiting for server...
ScrollView: Waiting for server...
ScrollView: Waiting for server...
ScrollView: Waiting for server...
ScrollView: Waiting for server...
ScrollView: Waiting for server...
ScrollView: Waiting for server...
ScrollView: Waiting for server...
ScrollView: Waiting for server...
ScrollView: Waiting for server...
ScrollView: Waiting for server...
ScrollView: Waiting for server...
ScrollView: Waiting for server...
ScrollView: Waiting for server...
ScrollView: Waiting for server...
ScrollView: Waiting for server...
ScrollView: Waiting for server...
ScrollView: Waiting for server...
ScrollView: Waiting for server...
ScrollView: Waiting for server...
ScrollView: Waiting for server...
ScrollView: Waiting for server...
ScrollView: Waiting for server...
ScrollView: Waiting for server...
ScrollView: Waiting for server...
ScrollView: Waiting for server...
ScrollView: Waiting for server...
ScrollView: Waiting for server...
ScrollView: Waiting for server...
ScrollView: Waiting for server...
ScrollView: Waiting for server...
ScrollView: Waiting for server...
ScrollView: Waiting for server...
ScrollView: Waiting for server...
ScrollView: Waiting for server...
ScrollView: Waiting for server...
ScrollView: Waiting for server...
ScrollView: Waiting for server...
ScrollView: Waiting for server...
ScrollView: Waiting for server...
ScrollView: Waiting for server...
ScrollView: Waiting for server...
ScrollView: Waiting for server...
ScrollView: Waiting for server...
ScrollView: Waiting for server...
ScrollView: Waiting for server...
ScrollView: Waiting for server...
ScrollView: Waiting for server...
ScrollView: Waiting for server...
ScrollView: Waiting for server...
ScrollView: Waiting for server...
ScrollView: Waiting for server...
ScrollView: Waiting for server...
ScrollView: Waiting for server...
ScrollView: Waiting for server...
ScrollView: Waiting for server...
ScrollView: Waiting for server...
ScrollView: Waiting for server...
ScrollView: Waiting for server...
ScrollView: Waiting for server...
ScrollView: Waiting for server...
ScrollView: Waiting for server...
ScrollView: Waiting for server...
ScrollView: Waiting for server...
ScrollView: Waiting for server...
ScrollView: Waiting for server...
ScrollView: Waiting for server...
ScrollView: Waiting for server...
ScrollView: Waiting for server...
ScrollView: Waiting for server...
ScrollView: Waiting for server...
ScrollView: Waiting for server...
ScrollView: Waiting for server...
ScrollView: Waiting for server...
ScrollView: Waiting for server...
ScrollView: Waiting for server...
ScrollView: Waiting for server...
ScrollView: Waiting for server...
ScrollView: Waiting for server...
ScrollView: Waiting for server...
ScrollView: Waiting for server...
ScrollView: Waiting for server...
ScrollView: Waiting for server...
ScrollView: Waiting for server...
ScrollView: Waiting for server...
ScrollView: Waiting for server...
ScrollView: Waiting for server...
ScrollView: Waiting for server...
ScrollView: Waiting for server...
ScrollView: Waiting for server...
ScrollView: Waiting for server...
ScrollView: Waiting for server...
ScrollView: Waiting for server...
ScrollView: Waiting for server...
ScrollView: Waiting for server...
ScrollView: Waiting for server...
ScrollView: Waiting for server...
ScrollView: Waiting for server...
ScrollView: Waiting for server...
ScrollView: Waiting for server...
ScrollView: Waiting for server...
ScrollView: Waiting for server...
ScrollView: Waiting for server...
ScrollView: Waiting for server...
ScrollView: Waiting for server...
ScrollView: Waiting for server...
ScrollView: Waiting for server...
ScrollView: Waiting for server...
ScrollView: Waiting for server...
ScrollView: Waiting for server...
ScrollView: Waiting for server...
ScrollView: Waiting for server...
ScrollView: Waiting for server...
ScrollView: Waiting for server...
ScrollView: Waiting for server...
ScrollView: Waiting for server...
ScrollView: Waiting for server...
ScrollView: Waiting for server...
ScrollView: Waiting for server...
ScrollView: Waiting for server...
ScrollView: Waiting for server...
ScrollView: Waiting for server...
ScrollView: Waiting for server...
ScrollView: Waiting for server...
ScrollView: Waiting for server...
ScrollView: Waiting for server...
ScrollView: Waiting for server...
ScrollView: Waiting for server...
ScrollView: Waiting for server...
ScrollView: Waiting for server...
ScrollView: Waiting for server...
ScrollView: Waiting for server...
ScrollView: Waiting for server...
ScrollView: Waiting for server...
ScrollView: Waiting for server...
ScrollView: Waiting for server...
ScrollView: Waiting for server...
ScrollView: Waiting for server...
ScrollView: Waiting for server...
ScrollView: Waiting for server...
ScrollView: Waiting for server...
ScrollView: Waiting for server...
ScrollView: Waiting for server...
ScrollView: Waiting for server...
ScrollView: Waiting for server...
ScrollView: Waiting for server...
ScrollView: Waiting for server...
ScrollView: Waiting for server...
ScrollView: Waiting for server...
ScrollView: Waiting for server...
ScrollView: Waiting for server...
ScrollView: Waiting for server...
ScrollView: Waiting for server...
ScrollView: Waiting for server...
ScrollView: Waiting for server...
ScrollView: Waiting for server...
ScrollView: Waiting for server...
ScrollView: Waiting for server...
ScrollView: Waiting for server...
ScrollView: Waiting for server...
ScrollView: Waiting for server...
ScrollView: Waiting for server...
ScrollView: Waiting for server...
ScrollView: Waiting for server...
ScrollView: Waiting for server...
ScrollView: Waiting for server...
ScrollView: Waiting for server...
ScrollView: Waiting for server...
ScrollView: Waiting for server...
ScrollView: Waiting for server...
ScrollView: Waiting for server...
ScrollView: Waiting for server...
ScrollView: Waiting for server...
ScrollView: Waiting for server...
ScrollView: Waiting for server...
ScrollView: Waiting for server...
ScrollView: Waiting for server...
ScrollView: Waiting for server...
ScrollView: Waiting for server...
ScrollView: Waiting for server...
ScrollView: Waiting for server...
ScrollView: Waiting for server...
ScrollView: Waiting for server...
ScrollView: Waiting for server...
ScrollView: Waiting for server...
ScrollView: Waiting for server...
ScrollView: Waiting for server...
ScrollView: Waiting for server...
ScrollView: Waiting for server...
ScrollView: Waiting for server...
ScrollView: Waiting for server...
ScrollView: Waiting for server...
ScrollView: Waiting for server...
ScrollView: Waiting for server...
ScrollView: Waiting for server...
ScrollView: Waiting for server...
ScrollView: Waiting for server...
ScrollView: Waiting for server...
ScrollView: Waiting for server...
ScrollView: Waiting for server...
ScrollView: Waiting for server...
ScrollView: Waiting for server...
ScrollView: Waiting for server...
ScrollView: Waiting for server...
ScrollView: Waiting for server...
ScrollView: Waiting for server...
ScrollView: Waiting for server...
ScrollView: Waiting for server...
ScrollView: Waiting for server...
ScrollView: Waiting for server...
ScrollView: Waiting for server...
ScrollView: Waiting for server...
ScrollView: Waiting for server...
ScrollView: Waiting for server...
ScrollView: Waiting for server...
ScrollView: Waiting for server...
ScrollView: Waiting for server...
ScrollView: Waiting for server...
ScrollView: Waiting for server...
ScrollView: Waiting for server...
ScrollView: Waiting for server...
ScrollView: Waiting for server...
ScrollView: Waiting for server...
ScrollView: Waiting for server...
ScrollView: Waiting for server...
ScrollView: Waiting for server...
ScrollView: Waiting for server...
ScrollView: Waiting for server...
ScrollView: Waiting for server...
ScrollView: Waiting for server...
ScrollView: Waiting for server...
ScrollView: Waiting for server...
ScrollView: Waiting for server...
ScrollView: Waiting for server...
ScrollView: Waiting for server...
ScrollView: Waiting for server...
ScrollView: Waiting for server...
ScrollView: Waiting for server...
ScrollView: Waiting for server...
ScrollView: Waiting for server...
ScrollView: Waiting for server...
ScrollView: Waiting for server...
ScrollView: Waiting for server...
ScrollView: Waiting for server...
ScrollView: Waiting for server...
ScrollView: Waiting for server...
ScrollView: Waiting for server...
ScrollView: Waiting for server...
ScrollView: Waiting for server...
ScrollView: Waiting for server...
ScrollView: Waiting for server...
ScrollView: Waiting for server...
ScrollView: Waiting for server...
ScrollView: Waiting for server...
ScrollView: Waiting for server...
ScrollView: Waiting for server...
ScrollView: Waiting for server...
ScrollView: Waiting for server...
ScrollView: Waiting for server...
ScrollView: Waiting for server...
ScrollView: Waiting for server...
ScrollView: Waiting for server...
ScrollView: Waiting for server...
ScrollView: Waiting for server...
ScrollView: Waiting for server...
ScrollView: Waiting for server...
ScrollView: Waiting for server...
ScrollView: Waiting for server...
ScrollView: Waiting for server...
ScrollView: Waiting for server...
ScrollView: Waiting for server...
ScrollView: Waiting for server...
ScrollView: Waiting for server...
ScrollView: Waiting for server...
ScrollView: Waiting for server...
ScrollView: Waiting for server...
ScrollView: Waiting for server...
ScrollView: Waiting for server...
ScrollView: Waiting for server...
ScrollView: Waiting for server...
ScrollView: Waiting for server...
ScrollView: Waiting for server...
ScrollView: Waiting for server...
ScrollView: Waiting for server...
ScrollView: Waiting for server...
ScrollView: Waiting for server...
ScrollView: Waiting for server...
ScrollView: Waiting for server...
ScrollView: Waiting for server...
ScrollView: Waiting for server...
ScrollView: Waiting for server...
ScrollView: Waiting for server...
ScrollView: Waiting for server...
ScrollView: Waiting for server...
ScrollView: Waiting for server...
ScrollView: Waiting for server...
ScrollView: Waiting for server...
ScrollView: Waiting for server...
ScrollView: Waiting for server...
ScrollView: Waiting for server...
ScrollView: Waiting for server...
ScrollView: Waiting for server...
ScrollView: Waiting for server...
ScrollView: Waiting for server...
ScrollView: Waiting for server...
ScrollView: Waiting for server...
ScrollView: Waiting for server...
ScrollView: Waiting for server...
ScrollView: Waiting for server...
ScrollView: Waiting for server...
ScrollView: Waiting for server...
ScrollView: Waiting for server...
ScrollView: Waiting for server...
ScrollView: Waiting for server...
ScrollView: Waiting for server...
ScrollView: Waiting for server...
ScrollView: Waiting for server...
ScrollView: Waiting for server...
ScrollView: Waiting for server...
ScrollView: Waiting for server...
ScrollView: Waiting for server...
ScrollView: Waiting for server...
ScrollView: Waiting for server...
ScrollView: Waiting for server...
ScrollView: Waiting for server...
ScrollView: Waiting for server...
ScrollView: Waiting for server...
ScrollView: Waiting for server...
ScrollView: Waiting for server...
ScrollView: Waiting for server...
ScrollView: Waiting for server...
ScrollView: Waiting for server...
ScrollView: Waiting for server...
ScrollView: Waiting for server...
ScrollView: Waiting for server...
ScrollView: Waiting for server...
ScrollView: Waiting for server...
ScrollView: Waiting for server...
ScrollView: Waiting for server...
ScrollView: Waiting for server...
ScrollView: Waiting for server...
ScrollView: Waiting for server...
ScrollView: Waiting for server...
ScrollView: Waiting for server...
ScrollView: Waiting for server...
ScrollView: Waiting for server...
ScrollView: Waiting for server...
ScrollView: Waiting for server...
ScrollView: Waiting for server...
ScrollView: Waiting for server...
ScrollView: Waiting for server...
ScrollView: Waiting for server...
ScrollView: Waiting for server...
ScrollView: Waiting for server...
ScrollView: Waiting for server...
ScrollView: Waiting for server...
ScrollView: Waiting for server...
ScrollView: Waiting for server...
ScrollView: Waiting for server...
ScrollView: Waiting for server...
ScrollView: Waiting for server...
ScrollView: Waiting for server...
ScrollView: Waiting for server...
ScrollView: Waiting for server...
ScrollView: Waiting for server...
ScrollView: Waiting for server...
ScrollView: Waiting for server...
ScrollView: Waiting for server...
ScrollView: Waiting for server...
ScrollView: Waiting for server...
ScrollView: Waiting for server...
ScrollView: Waiting for server...
ScrollView: Waiting for server...
ScrollView: Waiting for server...
ScrollView: Waiting for server...
ScrollView: Waiting for server...
ScrollView: Waiting for server...
ScrollView: Waiting for server...
ScrollView: Waiting for server...
ScrollView: Waiting for server...
ScrollView: Waiting for server...
ScrollView: Waiting for server...
ScrollView: Waiting for server...
ScrollView: Waiting for server...
ScrollView: Waiting for server...
ScrollView: Waiting for server...
ScrollView: Waiting for server...
ScrollView: Waiting for server...
ScrollView: Waiting for server...
ScrollView: Waiting for server...
ScrollView: Waiting for server...
ScrollView: Waiting for server...
ScrollView: Waiting for server...
ScrollView: Waiting for server...
ScrollView: Waiting for server...
ScrollView: Waiting for server...
ScrollView: Waiting for server...
ScrollView: Waiting for server...
ScrollView: Waiting for server...
ScrollView: Waiting for server...
ScrollView: Waiting for server...
ScrollView: Waiting for server...
ScrollView: Waiting for server...
ScrollView: Waiting for server...
ScrollView: Waiting for server...
ScrollView: Waiting for server...
ScrollView: Waiting for server...
ScrollView: Waiting for server...
ScrollView: Waiting for server...
ScrollView: Waiting for server...
ScrollView: Waiting for server...
ScrollView: Waiting for server...
ScrollView: Waiting for server...
ScrollView: Waiting for server...
ScrollView: Waiting for server...
ScrollView: Waiting for server...
ScrollView: Waiting for server...
ScrollView: Waiting for server...
ScrollView: Waiting for server...
ScrollView: Waiting for server...
ScrollView: Waiting for server...
ScrollView: Waiting for server...
ScrollView: Waiting for server...
ScrollView: Waiting for server...
ScrollView: Waiting for server...
ScrollView: Waiting for server...
ScrollView: Waiting for server...
ScrollView: Waiting for server...
ScrollView: Waiting for server...
ScrollView: Waiting for server...
ScrollView: Waiting for server...
ScrollView: Waiting for server...
ScrollView: Waiting for server...
ScrollView: Waiting for server...
ScrollView: Waiting for server...
ScrollView: Waiting for server...
ScrollView: Waiting for server...
ScrollView: Waiting for server...
ScrollView: Waiting for server...
ScrollView: Waiting for server...
ScrollView: Waiting for server...
ScrollView: Waiting for server...
ScrollView: Waiting for server...
ScrollView: Waiting for server...
ScrollView: Waiting for server...
ScrollView: Waiting for server...
ScrollView: Waiting for server...
ScrollView: Waiting for server...
ScrollView: Waiting for server...
ScrollView: Waiting for server...
ScrollView: Waiting for server...
ScrollView: Waiting for server...
ScrollView: Waiting for server...
ScrollView: Waiting for server...
ScrollView: Waiting for server...
ScrollView: Waiting for server...
ScrollView: Waiting for server...
ScrollView: Waiting for server...
ScrollView: Waiting for server...
ScrollView: Waiting for server...
ScrollView: Waiting for server...
ScrollView: Waiting for server...
ScrollView: Waiting for server...
ScrollView: Waiting for server...
ScrollView: Waiting for server...
ScrollView: Waiting for server...
ScrollView: Waiting for server...
ScrollView: Waiting for server...
ScrollView: Waiting for server...
ScrollView: Waiting for server...
ScrollView: Waiting for server...
ScrollView: Waiting for server...
ScrollView: Waiting for server...
ScrollView: Waiting for server...
ScrollView: Waiting for server...
ScrollView: Waiting for server...
ScrollView: Waiting for server...
ScrollView: Waiting for server...
ScrollView: Waiting for server...
ScrollView: Waiting for server...
ScrollView: Waiting for server...
ScrollView: Waiting for server...
ScrollView: Waiting for server...
ScrollView: Waiting for server...
ScrollView: Waiting for server...
ScrollView: Waiting for server...
ScrollView: Waiting for server...
ScrollView: Waiting for server...
ScrollView: Waiting for server...
ScrollView: Waiting for server...
ScrollView: Waiting for server...
ScrollView: Waiting for server...
ScrollView: Waiting for server...
ScrollView: Waiting for server...
ScrollView: Waiting for server...
ScrollView: Waiting for server...
ScrollView: Waiting for server...
ScrollView: Waiting for server...
ScrollView: Waiting for server...
ScrollView: Waiting for server...
ScrollView: Waiting for server...
ScrollView: Waiting for server...
ScrollView: Waiting for server...
ScrollView: Waiting for server...
ScrollView: Waiting for server...
ScrollView: Waiting for server...
ScrollView: Waiting for server...
ScrollView: Waiting for server...
ScrollView: Waiting for server...
ScrollView: Waiting for server...
ScrollView: Waiting for server...
ScrollView: Waiting for server...
ScrollView: Waiting for server...
ScrollView: Waiting for server...
ScrollView: Waiting for server...
ScrollView: Waiting for server...
ScrollView: Waiting for server...
ScrollView: Waiting for server...
ScrollView: Waiting for server...
ScrollView: Waiting for server...
ScrollView: Waiting for server...
ScrollView: Waiting for server...
ScrollView: Waiting for server...
ScrollView: Waiting for server...
ScrollView: Waiting for server...
ScrollView: Waiting for server...
ScrollView: Waiting for server...
ScrollView: Waiting for server...
ScrollView: Waiting for server...
ScrollView: Waiting for server...
ScrollView: Waiting for server...
ScrollView: Waiting for server...
ScrollView: Waiting for server...
ScrollView: Waiting for server...
ScrollView: Waiting for server...
ScrollView: Waiting for server...
ScrollView: Waiting for server...
ScrollView: Waiting for server...
ScrollView: Waiting for server...
ScrollView: Waiting for server...
ScrollView: Waiting for server...
ScrollView: Waiting for server...
ScrollView: Waiting for server...
ScrollView: Waiting for server...
ScrollView: Waiting for server...
ScrollView: Waiting for server...
ScrollView: Waiting for server...
ScrollView: Waiting for server...
ScrollView: Waiting for server...
ScrollView: Waiting for server...
ScrollView: Waiting for server...
ScrollView: Waiting for server...
ScrollView: Waiting for server...
ScrollView: Waiting for server...
ScrollView: Waiting for server...
ScrollView: Waiting for server...
ScrollView: Waiting for server...
ScrollView: Waiting for server...
ScrollView: Waiting for server...
ScrollView: Waiting for server...
ScrollView: Waiting for server...
ScrollView: Waiting for server...
ScrollView: Waiting for server...
ScrollView: Waiting for server...
ScrollView: Waiting for server...
ScrollView: Waiting for server...
ScrollView: Waiting for server...
ScrollView: Waiting for server...
ScrollView: Waiting for server...
ScrollView: Waiting for server...
ScrollView: Waiting for server...
ScrollView: Waiting for server...
ScrollView: Waiting for server...
ScrollView: Waiting for server...
ScrollView: Waiting for server...
ScrollView: Waiting for server...
ScrollView: Waiting for server...
ScrollView: Waiting for server...
ScrollView: Waiting for server...
ScrollView: Waiting for server...
ScrollView: Waiting for server...
ScrollView: Waiting for server...
ScrollView: Waiting for server...
ScrollView: Waiting for server...
ScrollView: Waiting for server...
ScrollView: Waiting for server...
ScrollView: Waiting for server...
ScrollView: Waiting for server...
ScrollView: Waiting for server...
ScrollView: Waiting for server...
ScrollView: Waiting for server...
ScrollView: Waiting for server...
ScrollView: Waiting for server...
ScrollView: Waiting for server...
ScrollView: Waiting for server...
ScrollView: Waiting for server...
ScrollView: Waiting for server...
ScrollView: Waiting for server...
ScrollView: Waiting for server...
ScrollView: Waiting for server...
ScrollView: Waiting for server...
ScrollView: Waiting for server...
ScrollView: Waiting for server...
ScrollView: Waiting for server...
ScrollView: Waiting for server...
ScrollView: Waiting for server...
ScrollView: Waiting for server...
ScrollView: Waiting for server...
ScrollView: Waiting for server...
ScrollView: Waiting for server...
ScrollView: Waiting for server...
ScrollView: Waiting for server...
ScrollView: Waiting for server...
ScrollView: Waiting for server...
ScrollView: Waiting for server...
ScrollView: Waiting for server...
ScrollView: Waiting for server...
ScrollView: Waiting for server...
ScrollView: Waiting for server...
ScrollView: Waiting for server...
ScrollView: Waiting for server...
ScrollView: Waiting for server...
ScrollView: Waiting for server...
ScrollView: Waiting for server...
ScrollView: Waiting for server...
ScrollView: Waiting for server...
ScrollView: Waiting for server...
ScrollView: Waiting for server...
ScrollView: Waiting for server...
ScrollView: Waiting for server...
ScrollView: Waiting for server...
ScrollView: Waiting for server...
ScrollView: Waiting for server...
ScrollView: Waiting for server...
ScrollView: Waiting for server...
ScrollView: Waiting for server...
ScrollView: Waiting for server...
ScrollView: Waiting for server...
ScrollView: Waiting for server...
ScrollView: Waiting for server...
ScrollView: Waiting for server...
ScrollView: Waiting for server...
ScrollView: Waiting for server...
ScrollView: Waiting for server...
ScrollView: Waiting for server...
ScrollView: Waiting for server...
ScrollView: Waiting for server...
ScrollView: Waiting for server...
ScrollView: Waiting for server...
ScrollView: Waiting for server...
ScrollView: Waiting for server...
ScrollView: Waiting for server...
ScrollView: Waiting for server...
ScrollView: Waiting for server...
ScrollView: Waiting for server...
ScrollView: Waiting for server...
ScrollView: Waiting for server...
ScrollView: Waiting for server...
ScrollView: Waiting for server...
ScrollView: Waiting for server...
ScrollView: Waiting for server...
ScrollView: Waiting for server...
ScrollView: Waiting for server...
ScrollView: Waiting for server...
ScrollView: Waiting for server...
ScrollView: Waiting for server...
ScrollView: Waiting for server...
ScrollView: Waiting for server...
ScrollView: Waiting for server...
ScrollView: Waiting for server...
ScrollView: Waiting for server...
ScrollView: Waiting for server...
ScrollView: Waiting for server...
ScrollView: Waiting for server...
ScrollView: Waiting for server...
ScrollView: Waiting for server...
ScrollView: Waiting for server...
ScrollView: Waiting for server...
ScrollView: Waiting for server...
ScrollView: Waiting for server...
ScrollView: Waiting for server...
ScrollView: Waiting for server...
ScrollView: Waiting for server...
ScrollView: Waiting for server...
ScrollView: Waiting for server...
ScrollView: Waiting for server...
ScrollView: Waiting for server...
ScrollView: Waiting for server...
ScrollView: Waiting for server...
ScrollView: Waiting for server...
ScrollView: Waiting for server...
ScrollView: Waiting for server...
ScrollView: Waiting for server...
ScrollView: Waiting for server...
ScrollView: Waiting for server...
ScrollView: Waiting for server...
ScrollView: Waiting for server...
ScrollView: Waiting for server...
ScrollView: Waiting for server...
ScrollView: Waiting for server...
ScrollView: Waiting for server...
ScrollView: Waiting for server...
ScrollView: Waiting for server...
ScrollView: Waiting for server...
ScrollView: Waiting for server...
ScrollView: Waiting for server...
ScrollView: Waiting for server...
ScrollView: Waiting for server...
ScrollView: Waiting for server...
ScrollView: Waiting for server...
ScrollView: Waiting for server...
ScrollView: Waiting for server...
ScrollView: Waiting for server...
ScrollView: Waiting for server...
ScrollView: Waiting for server...
ScrollView: Waiting for server...
ScrollView: Waiting for server...
ScrollView: Waiting for server...
ScrollView: Waiting for server...
ScrollView: Waiting for server...
ScrollView: Waiting for server...
ScrollView: Waiting for server...
ScrollView: Waiting for server...
ScrollView: Waiting for server...
ScrollView: Waiting for server...
ScrollView: Waiting for server...
ScrollView: Waiting for server...
ScrollView: Waiting for server...
ScrollView: Waiting for server...
ScrollView: Waiting for server...
ScrollView: Waiting for server...
ScrollView: Waiting for server...
ScrollView: Waiting for server...
ScrollView: Waiting for server...
ScrollView: Waiting for server...
ScrollView: Waiting for server...
ScrollView: Waiting for server...
ScrollView: Waiting for server...
ScrollView: Waiting for server...
ScrollView: Waiting for server...
ScrollView: Waiting for server...
ScrollView: Waiting for server...
ScrollView: Waiting for server...
ScrollView: Waiting for server...
ScrollView: Waiting for server...
ScrollView: Waiting for server...
ScrollView: Waiting for server...
ScrollView: Waiting for server...
ScrollView: Waiting for server...
ScrollView: Waiting for server...
ScrollView: Waiting for server...
ScrollView: Waiting for server...
ScrollView: Waiting for server...
ScrollView: Waiting for server...
ScrollView: Waiting for server...
ScrollView: Waiting for server...
ScrollView: Waiting for server...
ScrollView: Waiting for server...
ScrollView: Waiting for server...
ScrollView: Waiting for server...
ScrollView: Waiting for server...
ScrollView: Waiting for server...
ScrollView: Waiting for server...
ScrollView: Waiting for server...
ScrollView: Waiting for server...
ScrollView: Waiting for server...
ScrollView: Waiting for server...
ScrollView: Waiting for server...
ScrollView: Waiting for server...
ScrollView: Waiting for server...
ScrollView: Waiting for server...
ScrollView: Waiting for server...
ScrollView: Waiting for server...
ScrollView: Waiting for server...
ScrollView: Waiting for server...
ScrollView: Waiting for server...
ScrollView: Waiting for server...
ScrollView: Waiting for server...
ScrollView: Waiting for server...
ScrollView: Waiting for server...
ScrollView: Waiting for server...
ScrollView: Waiting for server...
ScrollView: Waiting for server...
ScrollView: Waiting for server...
ScrollView: Waiting for server...
ScrollView: Waiting for server...
ScrollView: Waiting for server...
ScrollView: Waiting for server...
ScrollView: Waiting for server...
ScrollView: Waiting for server...
ScrollView: Waiting for server...
ScrollView: Waiting for server...
ScrollView: Waiting for server...
ScrollView: Waiting for server...
ScrollView: Waiting for server...
ScrollView: Waiting for server...
ScrollView: Waiting for server...
ScrollView: Waiting for server...
ScrollView: Waiting for server...
ScrollView: Waiting for server...
ScrollView: Waiting for server...
ScrollView: Waiting for server...
ScrollView: Waiting for server...
ScrollView: Waiting for server...
ScrollView: Waiting for server...
ScrollView: Waiting for server...
ScrollView: Waiting for server...
ScrollView: Waiting for server...
ScrollView: Waiting for server...
ScrollView: Waiting for server...
ScrollView: Waiting for server...
ScrollView: Waiting for server...
ScrollView: Waiting for server...
ScrollView: Waiting for server...
ScrollView: Waiting for server...
ScrollView: Waiting for server...
ScrollView: Waiting for server...
ScrollView: Waiting for server...
ScrollView: Waiting for server...
ScrollView: Waiting for server...
ScrollView: Waiting for server...
ScrollView: Waiting for server...
ScrollView: Waiting for server...
ScrollView: Waiting for server...
ScrollView: Waiting for server...
ScrollView: Waiting for server...
ScrollView: Waiting for server...
ScrollView: Waiting for server...
ScrollView: Waiting for server...
ScrollView: Waiting for server...
ScrollView: Waiting for server...
ScrollView: Waiting for server...
ScrollView: Waiting for server...
ScrollView: Waiting for server...
ScrollView: Waiting for server...
ScrollView: Waiting for server...
ScrollView: Waiting for server...
ScrollView: Waiting for server...
ScrollView: Waiting for server...
ScrollView: Waiting for server...
ScrollView: Waiting for server...
ScrollView: Waiting for server...
ScrollView: Waiting for server...
ScrollView: Waiting for server...
ScrollView: Waiting for server...
ScrollView: Waiting for server...
ScrollView: Waiting for server...
ScrollView: Waiting for server...
ScrollView: Waiting for server...
ScrollView: Waiting for server...
ScrollView: Waiting for server...
ScrollView: Waiting for server...
ScrollView: Waiting for server...
ScrollView: Waiting for server...
ScrollView: Waiting for server...
ScrollView: Waiting for server...
ScrollView: Waiting for server...
ScrollView: Waiting for server...
ScrollView: Waiting for server...
ScrollView: Waiting for server...
ScrollView: Waiting for server...
ScrollView: Waiting for server...
ScrollView: Waiting for server...
ScrollView: Waiting for server...
ScrollView: Waiting for server...
ScrollView: Waiting for server...
ScrollView: Waiting for server...
ScrollView: Waiting for server...
ScrollView: Waiting for server...
ScrollView: Waiting for server...
ScrollView: Waiting for server...
ScrollView: Waiting for server...
ScrollView: Waiting for server...
ScrollView: Waiting for server...
ScrollView: Waiting for server...
ScrollView: Waiting for server...
ScrollView: Waiting for server...
ScrollView: Waiting for server...
ScrollView: Waiting for server...
ScrollView: Waiting for server...
ScrollView: Waiting for server...
ScrollView: Waiting for server...
ScrollView: Waiting for server...
ScrollView: Waiting for server...
ScrollView: Waiting for server...
ScrollView: Waiting for server...
ScrollView: Waiting for server...
ScrollView: Waiting for server...
ScrollView: Waiting for server...
ScrollView: Waiting for server...
ScrollView: Waiting for server...
ScrollView: Waiting for server...
ScrollView: Waiting for server...
ScrollView: Waiting for server...
ScrollView: Waiting for server...
ScrollView: Waiting for server...
ScrollView: Waiting for server...
ScrollView: Waiting for server...
ScrollView: Waiting for server...
ScrollView: Waiting for server...
ScrollView: Waiting for server...
ScrollView: Waiting for server...
ScrollView: Waiting for server...
ScrollView: Waiting for server...
ScrollView: Waiting for server...
ScrollView: Waiting for server...
ScrollView: Waiting for server...
ScrollView: Waiting for server...
ScrollView: Waiting for server...
ScrollView: Waiting for server...
ScrollView: Waiting for server...
ScrollView: Waiting for server...
ScrollView: Waiting for server...
ScrollView: Waiting for server...
ScrollView: Waiting for server...
ScrollView: Waiting for server...
ScrollView: Waiting for server...
ScrollView: Waiting for server...
ScrollView: Waiting for server...
ScrollView: Waiting for server...
ScrollView: Waiting for server...
ScrollView: Waiting for server...
ScrollView: Waiting for server...
ScrollView: Waiting for server...
ScrollView: Waiting for server...
ScrollView: Waiting for server...
ScrollView: Waiting for server...
ScrollView: Waiting for server...
ScrollView: Waiting for server...
ScrollView: Waiting for server...
ScrollView: Waiting for server...
ScrollView: Waiting for server...
ScrollView: Waiting for server...
ScrollView: Waiting for server...
ScrollView: Waiting for server...
ScrollView: Waiting for server...
ScrollView: Waiting for server...
ScrollView: Waiting for server...
ScrollView: Waiting for server...
ScrollView: Waiting for server...
ScrollView: Waiting for server...
ScrollView: Waiting for server...
ScrollView: Waiting for server...
ScrollView: Waiting for server...
ScrollView: Waiting for server...
ScrollView: Waiting for server...
ScrollView: Waiting for server...
ScrollView: Waiting for server...
ScrollView: Waiting for server...
ScrollView: Waiting for server...
ScrollView: Waiting for server...
ScrollView: Waiting for server...
ScrollView: Waiting for server...
ScrollView: Waiting for server...
ScrollView: Waiting for server...
ScrollView: Waiting for server...
ScrollView: Waiting for server...
ScrollView: Waiting for server...
ScrollView: Waiting for server...
ScrollView: Waiting for server...
ScrollView: Waiting for server...
ScrollView: Waiting for server...
ScrollView: Waiting for server...
ScrollView: Waiting for server...
ScrollView: Waiting for server...
ScrollView: Waiting for server...
ScrollView: Waiting for server...
ScrollView: Waiting for server...
ScrollView: Waiting for server...
ScrollView: Waiting for server...
ScrollView: Waiting for server...
ScrollView: Waiting for server...
ScrollView: Waiting for server...
ScrollView: Waiting for server...
ScrollView: Waiting for server...
ScrollView: Waiting for server...
ScrollView: Waiting for server...
ScrollView: Waiting for server...
ScrollView: Waiting for server...
ScrollView: Waiting for server...
ScrollView: Waiting for server...
ScrollView: Waiting for server...
ScrollView: Waiting for server...
ScrollView: Waiting for server...
ScrollView: Waiting for server...
ScrollView: Waiting for server...
ScrollView: Waiting for server...
ScrollView: Waiting for server...
ScrollView: Waiting for server...
ScrollView: Waiting for server...
ScrollView: Waiting for server...
ScrollView: Waiting for server...
ScrollView: Waiting for server...
ScrollView: Waiting for server...
ScrollView: Waiting for server...
ScrollView: Waiting for server...
ScrollView: Waiting for server...
ScrollView: Waiting for server...
ScrollView: Waiting for server...
ScrollView: Waiting for server...
ScrollView: Waiting for server...
ScrollView: Waiting for server...
ScrollView: Waiting for server...
ScrollView: Waiting for server...
ScrollView: Waiting for server...
ScrollView: Waiting for server...
ScrollView: Waiting for server...
ScrollView: Waiting for server...
ScrollView: Waiting for server...
ScrollView: Waiting for server...
ScrollView: Waiting for server...
ScrollView: Waiting for server...
ScrollView: Waiting for server...
ScrollView: Waiting for server...
ScrollView: Waiting for server...
ScrollView: Waiting for server...
ScrollView: Waiting for server...
ScrollView: Waiting for server...
ScrollView: Waiting for server...
ScrollView: Waiting for server...
ScrollView: Waiting for server...
ScrollView: Waiting for server...
ScrollView: Waiting for server...
ScrollView: Waiting for server...
ScrollView: Waiting for server...
ScrollView: Waiting for server...
ScrollView: Waiting for server...
ScrollView: Waiting for server...
ScrollView: Waiting for server...
ScrollView: Waiting for server...
ScrollView: Waiting for server...
ScrollView: Waiting for server...
ScrollView: Waiting for server...
ScrollView: Waiting for server...
ScrollView: Waiting for server...
ScrollView: Waiting for server...
Scroll==35546== libFuzzer: run interrupted; exiting
stat::number_of_executed_units: 5790
stat::average_exec_per_sec:     4
stat::new_units_added:          186
stat::slowest_unit_time_sec:    0
stat::peak_rss_mb:              100
